<?xml version="1.0" encoding="UTF-8"?>
<coverage generated="1597093291011" clover="3.2.0">
  <project timestamp="1597093291012" name="All files">
    <metrics statements="20" coveredstatements="1" conditionals="8" coveredconditionals="0" methods="3" coveredmethods="0" elements="31" coveredelements="1" complexity="0" loc="20" ncloc="20" packages="1" files="1" classes="1"/>
    <file name="validator.js" path="C:\Users\ADMIN\Desktop\prueba\LIM013-card-validation\src\validator.js">
      <metrics statements="20" coveredstatements="1" conditionals="8" coveredconditionals="0" methods="3" coveredmethods="0"/>
      <line num="1" count="1" type="stmt"/>
      <line num="4" count="0" type="cond" truecount="0" falsecount="2"/>
      <line num="5" count="0" type="stmt"/>
      <line num="7" count="0" type="stmt"/>
      <line num="8" count="0" type="stmt"/>
      <line num="9" count="0" type="stmt"/>
      <line num="10" count="0" type="stmt"/>
      <line num="13" count="0" type="cond" truecount="0" falsecount="2"/>
      <line num="14" count="0" type="stmt"/>
      <line num="15" count="0" type="cond" truecount="0" falsecount="2"/>
      <line num="16" count="0" type="stmt"/>
      <line num="17" count="0" type="stmt"/>
      <line num="18" count="0" type="stmt"/>
      <line num="20" count="0" type="stmt"/>
      <line num="23" count="0" type="stmt"/>
      <line num="26" count="0" type="cond" truecount="0" falsecount="2"/>
      <line num="27" count="0" type="stmt"/>
      <line num="29" count="0" type="stmt"/>
      <line num="35" count="0" type="stmt"/>
      <line num="36" count="0" type="stmt"/>
    </file>
  </project>
</coverage>
