<?xml version="1.0" encoding="UTF-8"?>
<coverage generated="1597124510070" clover="3.2.0">
  <project timestamp="1597124510070" name="All files">
    <metrics statements="20" coveredstatements="19" conditionals="8" coveredconditionals="7" methods="3" coveredmethods="3" elements="31" coveredelements="29" complexity="0" loc="20" ncloc="20" packages="1" files="1" classes="1"/>
    <file name="validator.js" path="C:\Users\ADMIN\Desktop\prueba\LIM013-card-validation\src\validator.js">
      <metrics statements="20" coveredstatements="19" conditionals="8" coveredconditionals="7" methods="3" coveredmethods="3"/>
      <line num="1" count="1" type="stmt"/>
      <line num="4" count="3" type="cond" truecount="1" falsecount="1"/>
      <line num="5" count="0" type="stmt"/>
      <line num="7" count="3" type="stmt"/>
      <line num="8" count="3" type="stmt"/>
      <line num="9" count="3" type="stmt"/>
      <line num="10" count="42" type="stmt"/>
      <line num="13" count="42" type="cond" truecount="2" falsecount="0"/>
      <line num="14" count="21" type="stmt"/>
      <line num="15" count="21" type="cond" truecount="2" falsecount="0"/>
      <line num="16" count="12" type="stmt"/>
      <line num="17" count="12" type="stmt"/>
      <line num="18" count="12" type="stmt"/>
      <line num="20" count="9" type="stmt"/>
      <line num="23" count="21" type="stmt"/>
      <line num="26" count="3" type="cond" truecount="2" falsecount="0"/>
      <line num="27" count="2" type="stmt"/>
      <line num="30" count="1" type="stmt"/>
      <line num="36" count="3" type="stmt"/>
      <line num="37" count="3" type="stmt"/>
    </file>
  </project>
</coverage>
