TN:
SF:C:\Users\ADMIN\Desktop\prueba\LIM013-card-validation\src\validator.js
FN:3,(anonymous_0)
FN:9,(anonymous_1)
FN:35,maskify
FNF:3
FNH:3
FNDA:3,(anonymous_0)
FNDA:42,(anonymous_1)
FNDA:3,maskify
DA:1,1
DA:4,3
DA:5,0
DA:7,3
DA:8,3
DA:9,3
DA:10,42
DA:13,42
DA:14,21
DA:15,21
DA:16,12
DA:17,12
DA:18,12
DA:20,9
DA:23,21
DA:26,3
DA:27,2
DA:30,1
DA:36,3
DA:37,3
LF:20
LH:19
BRDA:4,0,0,0
BRDA:4,0,1,3
BRDA:13,1,0,21
BRDA:13,1,1,21
BRDA:15,2,0,12
BRDA:15,2,1,9
BRDA:26,3,0,2
BRDA:26,3,1,1
BRF:8
BRH:7
end_of_record
